<?xml version="1.0" encoding="UTF-8"?>
<!-- Generated by org.testng.reporters.JUnitXMLReporter -->
<testsuite hostname="DESKTOP-HB1QJTK" name="Test1" tests="6" failures="0" timestamp="24 Apr 2021 05:25:15 GMT" time="0.067" errors="0">
  <testcase name="tc10" time="0.015" classname="org.testt.Test1"/>
  <testcase name="tc11" time="0.0" classname="org.testt.Test1"/>
  <testcase name="tc12" time="0.005" classname="org.testt.Test1"/>
  <testcase name="tc20" time="0.0" classname="org.testt.Test2"/>
  <testcase name="tc21" time="0.0" classname="org.testt.Test2"/>
  <testcase name="tc22" time="0.0" classname="org.testt.Test2"/>
</testsuite> <!-- Test1 -->
